soundtouch/build/intermediates/manifest_merge_blame_file/debug/manifest-merger-blame-debug-report.txt
1<?xml version="1.0" encoding="utf-8"?>
2<manifest xmlns:android="http://schemas.android.com/apk/res/android"
3    xmlns:tools="http://schemas.android.com/tools"
4    package="net.surina.soundtouchexample"
5    android:versionCode="1"
6    android:versionName="1.0" >
7
8    <uses-sdk
9        android:minSdkVersion="19"
9-->src\main\AndroidManifest.xml
10        android:targetSdkVersion="30" />
10-->src\main\AndroidManifest.xml
11
12    <!-- <uses-sdk -->
13    <!-- android:minSdkVersion="11" -->
14    <!-- android:targetSdkVersion="21" /> -->
15
16    <uses-permission android:name="android.permission.READ_EXTERNAL_STORAGE" />
16-->src\main\AndroidManifest.xml:12:5-80
16-->src\main\AndroidManifest.xml:12:22-77
17    <uses-permission
17-->src\main\AndroidManifest.xml:13:5-14:40
18        android:name="android.permission.WRITE_EXTERNAL_STORAGE"
18-->src\main\AndroidManifest.xml:13:22-78
19        tools:ignore="ScopedStorage" />
19-->src\main\AndroidManifest.xml:14:9-37
20
21    <application
21-->src\main\AndroidManifest.xml:16:5-25:19
22        android:allowBackup="true"
22-->src\main\AndroidManifest.xml:17:9-35
23        android:theme="@style/AppTheme"
23-->src\main\AndroidManifest.xml:18:9-40
24        tools:ignore="AllowBackup" >
24-->src\main\AndroidManifest.xml:19:9-35
25        <activity
25-->src\main\AndroidManifest.xml:20:9-22:48
26            android:name="net.surina.ExampleActivity"
26-->src\main\AndroidManifest.xml:21:13-54
27            android:label="@string/app_name" />
27-->src\main\AndroidManifest.xml:22:13-45
28    </application>
29
30</manifest>